0 verbose cli C:\Program Files\nodejs\node.exe C:\Program Files\nodejs\node_modules\npm\bin\npm-cli.js
1 info using npm@11.12.1
2 info using node@v24.15.0
3 silly config load:file:C:\Program Files\nodejs\node_modules\npm\npmrc
4 silly config load:file:C:\Users\chris\Desktop\suprema-platform\.npmrc
5 silly config load:file:C:\Users\chris\.npmrc
6 silly config load:file:C:\Users\chris\AppData\Roaming\npm\etc\npmrc
7 verbose title npm install
8 verbose argv "install"
9 verbose logfile logs-max:10 dir:C:\Users\chris\Desktop\suprema-platform\.npm-cache\_logs\2026-05-03T10_52_41_996Z-
10 verbose logfile C:\Users\chris\Desktop\suprema-platform\.npm-cache\_logs\2026-05-03T10_52_41_996Z-debug-0.log
11 silly logfile done cleaning log files
12 silly packumentCache heap:4496293888 maxSize:1124073472 maxEntrySize:562036736
13 silly idealTree buildDeps
14 silly fetch manifest next@16.2.4
15 silly packumentCache full:https://registry.npmjs.org/next cache-miss
16 http fetch GET 200 https://registry.npmjs.org/npm 178ms
17 http fetch GET 200 https://registry.npmjs.org/next 476ms (cache miss)
18 silly packumentCache full:https://registry.npmjs.org/next set size:undefined disposed:false
19 silly fetch manifest @opentelemetry/api@^1.1.0
20 silly packumentCache full:https://registry.npmjs.org/@opentelemetry%2fapi cache-miss
21 http fetch GET 200 https://registry.npmjs.org/@opentelemetry%2fapi 540ms (cache miss)
22 silly packumentCache full:https://registry.npmjs.org/@opentelemetry%2fapi set size:undefined disposed:false
23 silly fetch manifest @playwright/test@^1.51.1
24 silly packumentCache full:https://registry.npmjs.org/@playwright%2ftest cache-miss
25 http fetch GET 200 https://registry.npmjs.org/@playwright%2ftest 229ms (cache miss)
26 silly packumentCache full:https://registry.npmjs.org/@playwright%2ftest set size:undefined disposed:false
27 silly fetch manifest babel-plugin-react-compiler@*
28 silly packumentCache full:https://registry.npmjs.org/babel-plugin-react-compiler cache-miss
29 http fetch GET 200 https://registry.npmjs.org/babel-plugin-react-compiler 61ms (cache miss)
30 silly packumentCache full:https://registry.npmjs.org/babel-plugin-react-compiler set size:undefined disposed:false
31 silly fetch manifest react@19.2.4
32 silly packumentCache full:https://registry.npmjs.org/react cache-miss
33 http fetch GET 200 https://registry.npmjs.org/react 188ms (cache miss)
34 silly packumentCache full:https://registry.npmjs.org/react set size:undefined disposed:false
35 silly fetch manifest react-dom@19.2.4
36 silly packumentCache full:https://registry.npmjs.org/react-dom cache-miss
37 http fetch GET 200 https://registry.npmjs.org/react-dom 247ms (cache miss)
38 silly packumentCache full:https://registry.npmjs.org/react-dom set size:undefined disposed:false
39 silly fetch manifest sass@^1.3.0
40 silly packumentCache full:https://registry.npmjs.org/sass cache-miss
41 http fetch GET 200 https://registry.npmjs.org/sass 55ms (cache miss)
42 silly packumentCache full:https://registry.npmjs.org/sass set size:undefined disposed:false
43 silly placeDep ROOT next@16.2.4 OK for: suprema-platform@0.1.0 want: 16.2.4
44 silly placeDep ROOT react@19.2.4 OK for: next@16.2.4 want: ^18.2.0 || 19.0.0-rc-de68d2f4-20241204 || ^19.0.0
45 silly placeDep ROOT react-dom@19.2.4 OK for: next@16.2.4 want: ^18.2.0 || 19.0.0-rc-de68d2f4-20241204 || ^19.0.0
46 silly fetch manifest postcss@8.4.31
47 silly packumentCache full:https://registry.npmjs.org/postcss cache-miss
48 silly fetch manifest @next/env@16.2.4
49 silly packumentCache full:https://registry.npmjs.org/@next%2fenv cache-miss
50 silly fetch manifest styled-jsx@5.1.6
51 silly packumentCache full:https://registry.npmjs.org/styled-jsx cache-miss
52 silly fetch manifest @swc/helpers@0.5.15
53 silly packumentCache full:https://registry.npmjs.org/@swc%2fhelpers cache-miss
54 silly fetch manifest caniuse-lite@^1.0.30001579
55 silly packumentCache full:https://registry.npmjs.org/caniuse-lite cache-miss
56 silly fetch manifest baseline-browser-mapping@^2.9.19
57 silly packumentCache full:https://registry.npmjs.org/baseline-browser-mapping cache-miss
58 silly fetch manifest sharp@^0.34.5
59 silly packumentCache full:https://registry.npmjs.org/sharp cache-miss
60 silly fetch manifest @next/swc-darwin-x64@16.2.4
61 silly packumentCache full:https://registry.npmjs.org/@next%2fswc-darwin-x64 cache-miss
62 silly fetch manifest @next/swc-darwin-arm64@16.2.4
63 silly packumentCache full:https://registry.npmjs.org/@next%2fswc-darwin-arm64 cache-miss
64 silly fetch manifest @next/swc-linux-x64-gnu@16.2.4
65 silly packumentCache full:https://registry.npmjs.org/@next%2fswc-linux-x64-gnu cache-miss
66 silly fetch manifest @next/swc-linux-x64-musl@16.2.4
67 silly packumentCache full:https://registry.npmjs.org/@next%2fswc-linux-x64-musl cache-miss
68 silly fetch manifest @next/swc-win32-x64-msvc@16.2.4
69 silly packumentCache full:https://registry.npmjs.org/@next%2fswc-win32-x64-msvc cache-miss
70 silly fetch manifest @next/swc-linux-arm64-gnu@16.2.4
71 silly packumentCache full:https://registry.npmjs.org/@next%2fswc-linux-arm64-gnu cache-miss
72 silly fetch manifest @next/swc-linux-arm64-musl@16.2.4
73 silly packumentCache full:https://registry.npmjs.org/@next%2fswc-linux-arm64-musl cache-miss
74 silly fetch manifest @next/swc-win32-arm64-msvc@16.2.4
75 silly packumentCache full:https://registry.npmjs.org/@next%2fswc-win32-arm64-msvc cache-miss
76 http fetch GET 200 https://registry.npmjs.org/postcss 78ms (cache miss)
77 silly packumentCache full:https://registry.npmjs.org/postcss set size:undefined disposed:false
78 silly fetch manifest scheduler@^0.27.0
79 silly packumentCache full:https://registry.npmjs.org/scheduler cache-miss
80 http fetch GET 200 https://registry.npmjs.org/@next%2fenv 337ms (cache miss)
81 silly packumentCache full:https://registry.npmjs.org/@next%2fenv set size:undefined disposed:false
82 http fetch GET 200 https://registry.npmjs.org/caniuse-lite 688ms (cache miss)
83 silly packumentCache full:https://registry.npmjs.org/caniuse-lite set size:undefined disposed:false
84 http fetch GET 200 https://registry.npmjs.org/@next%2fswc-linux-arm64-musl 729ms (cache miss)
85 silly packumentCache full:https://registry.npmjs.org/@next%2fswc-linux-arm64-musl set size:undefined disposed:false
86 http fetch GET 200 https://registry.npmjs.org/baseline-browser-mapping 786ms (cache miss)
87 silly packumentCache full:https://registry.npmjs.org/baseline-browser-mapping set size:undefined disposed:false
88 http fetch GET 200 https://registry.npmjs.org/scheduler 713ms (cache miss)
89 silly packumentCache full:https://registry.npmjs.org/scheduler set size:undefined disposed:false
90 http fetch GET 200 https://registry.npmjs.org/@swc%2fhelpers 840ms (cache miss)
91 silly packumentCache full:https://registry.npmjs.org/@swc%2fhelpers set size:undefined disposed:false
92 http fetch GET 200 https://registry.npmjs.org/styled-jsx 852ms (cache miss)
93 silly packumentCache full:https://registry.npmjs.org/styled-jsx set size:undefined disposed:false
94 http fetch GET 200 https://registry.npmjs.org/sharp 857ms (cache miss)
95 silly packumentCache full:https://registry.npmjs.org/sharp set size:undefined disposed:false
96 http fetch GET 200 https://registry.npmjs.org/@next%2fswc-win32-x64-msvc 923ms (cache miss)
97 silly packumentCache full:https://registry.npmjs.org/@next%2fswc-win32-x64-msvc set size:undefined disposed:false
98 http fetch GET 200 https://registry.npmjs.org/@next%2fswc-linux-x64-musl 964ms (cache miss)
99 silly packumentCache full:https://registry.npmjs.org/@next%2fswc-linux-x64-musl set size:undefined disposed:false
100 http fetch GET 200 https://registry.npmjs.org/@next%2fswc-win32-arm64-msvc 1070ms (cache miss)
101 silly packumentCache full:https://registry.npmjs.org/@next%2fswc-win32-arm64-msvc set size:undefined disposed:false
102 http fetch GET 200 https://registry.npmjs.org/@next%2fswc-linux-arm64-gnu 1110ms (cache miss)
103 silly packumentCache full:https://registry.npmjs.org/@next%2fswc-linux-arm64-gnu set size:undefined disposed:false
104 http fetch GET 200 https://registry.npmjs.org/@next%2fswc-darwin-arm64 1143ms (cache miss)
105 silly packumentCache full:https://registry.npmjs.org/@next%2fswc-darwin-arm64 set size:undefined disposed:false
106 http fetch GET 200 https://registry.npmjs.org/@next%2fswc-linux-x64-gnu 1170ms (cache miss)
107 silly packumentCache full:https://registry.npmjs.org/@next%2fswc-linux-x64-gnu set size:undefined disposed:false
108 http fetch GET 200 https://registry.npmjs.org/@next%2fswc-darwin-x64 1221ms (cache miss)
109 silly packumentCache full:https://registry.npmjs.org/@next%2fswc-darwin-x64 set size:undefined disposed:false
110 silly fetch manifest react@^18.2.0 || 19.0.0-rc-de68d2f4-20241204 || ^19.0.0
111 silly packumentCache full:https://registry.npmjs.org/react cache-miss
112 http cache https://registry.npmjs.org/react 36ms (cache hit)
113 silly packumentCache full:https://registry.npmjs.org/react set size:6633619 disposed:false
114 silly placeDep ROOT @next/env@16.2.4 OK for: next@16.2.4 want: 16.2.4
115 silly placeDep ROOT @next/swc-darwin-arm64@16.2.4 OK for: next@16.2.4 want: 16.2.4
116 silly placeDep ROOT @next/swc-darwin-x64@16.2.4 OK for: next@16.2.4 want: 16.2.4
117 silly placeDep ROOT @next/swc-linux-arm64-gnu@16.2.4 OK for: next@16.2.4 want: 16.2.4
118 silly placeDep ROOT @next/swc-linux-arm64-musl@16.2.4 OK for: next@16.2.4 want: 16.2.4
119 silly placeDep ROOT @next/swc-linux-x64-gnu@16.2.4 OK for: next@16.2.4 want: 16.2.4
120 silly placeDep ROOT @next/swc-linux-x64-musl@16.2.4 OK for: next@16.2.4 want: 16.2.4
121 silly placeDep ROOT @next/swc-win32-arm64-msvc@16.2.4 OK for: next@16.2.4 want: 16.2.4
122 silly placeDep ROOT @next/swc-win32-x64-msvc@16.2.4 OK for: next@16.2.4 want: 16.2.4
123 silly placeDep ROOT @swc/helpers@0.5.15 OK for: next@16.2.4 want: 0.5.15
124 silly placeDep ROOT baseline-browser-mapping@2.10.25 OK for: next@16.2.4 want: ^2.9.19
125 silly placeDep ROOT caniuse-lite@1.0.30001791 OK for: next@16.2.4 want: ^1.0.30001579
126 silly placeDep ROOT postcss@8.4.31 OK for: next@16.2.4 want: 8.4.31
127 silly placeDep ROOT sharp@0.34.5 OK for: next@16.2.4 want: ^0.34.5
128 silly placeDep ROOT styled-jsx@5.1.6 OK for: next@16.2.4 want: 5.1.6
129 silly fetch manifest tslib@^2.8.0
130 silly packumentCache full:https://registry.npmjs.org/tslib cache-miss
131 silly fetch manifest nanoid@^3.3.6
132 silly packumentCache full:https://registry.npmjs.org/nanoid cache-miss
133 silly fetch manifest picocolors@^1.0.0
134 silly packumentCache full:https://registry.npmjs.org/picocolors cache-miss
135 silly fetch manifest source-map-js@^1.0.2
136 silly packumentCache full:https://registry.npmjs.org/source-map-js cache-miss
137 silly fetch manifest semver@^7.7.3
138 silly packumentCache full:https://registry.npmjs.org/semver cache-miss
139 silly fetch manifest @img/colour@^1.0.0
140 silly packumentCache full:https://registry.npmjs.org/@img%2fcolour cache-miss
141 silly fetch manifest detect-libc@^2.1.2
142 silly packumentCache full:https://registry.npmjs.org/detect-libc cache-miss
143 silly fetch manifest @img/sharp-wasm32@0.34.5
144 silly packumentCache full:https://registry.npmjs.org/@img%2fsharp-wasm32 cache-miss
145 silly fetch manifest @img/sharp-linux-arm@0.34.5
146 silly packumentCache full:https://registry.npmjs.org/@img%2fsharp-linux-arm cache-miss
147 silly fetch manifest @img/sharp-linux-x64@0.34.5
148 silly packumentCache full:https://registry.npmjs.org/@img%2fsharp-linux-x64 cache-miss
149 silly fetch manifest @img/sharp-win32-x64@0.34.5
150 silly packumentCache full:https://registry.npmjs.org/@img%2fsharp-win32-x64 cache-miss
151 silly fetch manifest @img/sharp-darwin-x64@0.34.5
152 silly packumentCache full:https://registry.npmjs.org/@img%2fsharp-darwin-x64 cache-miss
153 silly fetch manifest @img/sharp-win32-ia32@0.34.5
154 silly packumentCache full:https://registry.npmjs.org/@img%2fsharp-win32-ia32 cache-miss
155 silly fetch manifest @img/sharp-linux-arm64@0.34.5
156 silly packumentCache full:https://registry.npmjs.org/@img%2fsharp-linux-arm64 cache-miss
157 silly fetch manifest @img/sharp-linux-ppc64@0.34.5
158 silly packumentCache full:https://registry.npmjs.org/@img%2fsharp-linux-ppc64 cache-miss
159 http fetch GET 200 https://registry.npmjs.org/picocolors 34ms (cache miss)
160 silly packumentCache full:https://registry.npmjs.org/picocolors set size:undefined disposed:false
161 silly fetch manifest @img/sharp-linux-s390x@0.34.5
162 silly packumentCache full:https://registry.npmjs.org/@img%2fsharp-linux-s390x cache-miss
163 http fetch GET 200 https://registry.npmjs.org/detect-libc 35ms (cache miss)
164 silly packumentCache full:https://registry.npmjs.org/detect-libc set size:undefined disposed:false
165 silly fetch manifest @img/sharp-win32-arm64@0.34.5
166 silly packumentCache full:https://registry.npmjs.org/@img%2fsharp-win32-arm64 cache-miss
167 http fetch GET 200 https://registry.npmjs.org/source-map-js 38ms (cache miss)
168 silly packumentCache full:https://registry.npmjs.org/source-map-js set size:undefined disposed:false
169 silly fetch manifest @img/sharp-darwin-arm64@0.34.5
170 silly packumentCache full:https://registry.npmjs.org/@img%2fsharp-darwin-arm64 cache-miss
171 http fetch GET 200 https://registry.npmjs.org/tslib 52ms (cache miss)
172 silly packumentCache full:https://registry.npmjs.org/tslib set size:undefined disposed:false
173 silly fetch manifest @img/sharp-linux-riscv64@0.34.5
174 silly packumentCache full:https://registry.npmjs.org/@img%2fsharp-linux-riscv64 cache-miss
175 http fetch GET 200 https://registry.npmjs.org/@img%2fcolour 59ms (cache miss)
176 silly packumentCache full:https://registry.npmjs.org/@img%2fcolour set size:undefined disposed:false
177 silly fetch manifest @img/sharp-linuxmusl-x64@0.34.5
178 silly packumentCache full:https://registry.npmjs.org/@img%2fsharp-linuxmusl-x64 cache-miss
179 http fetch GET 200 https://registry.npmjs.org/@img%2fsharp-linux-arm 70ms (cache miss)
180 silly packumentCache full:https://registry.npmjs.org/@img%2fsharp-linux-arm set size:undefined disposed:false
181 silly fetch manifest @img/sharp-linuxmusl-arm64@0.34.5
182 silly packumentCache full:https://registry.npmjs.org/@img%2fsharp-linuxmusl-arm64 cache-miss
183 http fetch GET 200 https://registry.npmjs.org/@img%2fsharp-win32-x64 73ms (cache miss)
184 silly packumentCache full:https://registry.npmjs.org/@img%2fsharp-win32-x64 set size:undefined disposed:false
185 silly fetch manifest @img/sharp-libvips-linux-arm@1.2.4
186 silly packumentCache full:https://registry.npmjs.org/@img%2fsharp-libvips-linux-arm cache-miss
187 http fetch GET 200 https://registry.npmjs.org/@img%2fsharp-linux-x64 79ms (cache miss)
188 silly packumentCache full:https://registry.npmjs.org/@img%2fsharp-linux-x64 set size:undefined disposed:false
189 silly fetch manifest @img/sharp-libvips-linux-x64@1.2.4
190 silly packumentCache full:https://registry.npmjs.org/@img%2fsharp-libvips-linux-x64 cache-miss
191 http fetch GET 200 https://registry.npmjs.org/@img%2fsharp-linux-arm64 81ms (cache miss)
192 silly packumentCache full:https://registry.npmjs.org/@img%2fsharp-linux-arm64 set size:undefined disposed:false
193 silly fetch manifest @img/sharp-libvips-darwin-x64@1.2.4
194 silly packumentCache full:https://registry.npmjs.org/@img%2fsharp-libvips-darwin-x64 cache-miss
195 http fetch GET 200 https://registry.npmjs.org/@img%2fsharp-linux-ppc64 84ms (cache miss)
196 silly packumentCache full:https://registry.npmjs.org/@img%2fsharp-linux-ppc64 set size:undefined disposed:false
197 silly fetch manifest @img/sharp-libvips-linux-arm64@1.2.4
198 silly packumentCache full:https://registry.npmjs.org/@img%2fsharp-libvips-linux-arm64 cache-miss
199 http fetch GET 200 https://registry.npmjs.org/@img%2fsharp-darwin-x64 86ms (cache miss)
200 silly packumentCache full:https://registry.npmjs.org/@img%2fsharp-darwin-x64 set size:undefined disposed:false
201 silly fetch manifest @img/sharp-libvips-linux-ppc64@1.2.4
202 silly packumentCache full:https://registry.npmjs.org/@img%2fsharp-libvips-linux-ppc64 cache-miss
203 http fetch GET 200 https://registry.npmjs.org/semver 90ms (cache miss)
204 silly packumentCache full:https://registry.npmjs.org/semver set size:undefined disposed:false
205 silly fetch manifest @img/sharp-libvips-linux-s390x@1.2.4
206 silly packumentCache full:https://registry.npmjs.org/@img%2fsharp-libvips-linux-s390x cache-miss
207 http fetch GET 200 https://registry.npmjs.org/@img%2fsharp-win32-ia32 97ms (cache miss)
208 silly packumentCache full:https://registry.npmjs.org/@img%2fsharp-win32-ia32 set size:undefined disposed:false
209 silly fetch manifest @img/sharp-libvips-darwin-arm64@1.2.4
210 silly packumentCache full:https://registry.npmjs.org/@img%2fsharp-libvips-darwin-arm64 cache-miss
211 http fetch GET 200 https://registry.npmjs.org/@img%2fsharp-linux-s390x 69ms (cache miss)
212 silly packumentCache full:https://registry.npmjs.org/@img%2fsharp-linux-s390x set size:undefined disposed:false
213 silly fetch manifest @img/sharp-libvips-linux-riscv64@1.2.4
214 silly packumentCache full:https://registry.npmjs.org/@img%2fsharp-libvips-linux-riscv64 cache-miss
215 http fetch GET 200 https://registry.npmjs.org/@img%2fsharp-win32-arm64 71ms (cache miss)
216 silly packumentCache full:https://registry.npmjs.org/@img%2fsharp-win32-arm64 set size:undefined disposed:false
217 silly fetch manifest @img/sharp-libvips-linuxmusl-x64@1.2.4
218 silly packumentCache full:https://registry.npmjs.org/@img%2fsharp-libvips-linuxmusl-x64 cache-miss
219 http fetch GET 200 https://registry.npmjs.org/@img%2fsharp-darwin-arm64 74ms (cache miss)
220 silly packumentCache full:https://registry.npmjs.org/@img%2fsharp-darwin-arm64 set size:undefined disposed:false
221 silly fetch manifest @img/sharp-libvips-linuxmusl-arm64@1.2.4
222 silly packumentCache full:https://registry.npmjs.org/@img%2fsharp-libvips-linuxmusl-arm64 cache-miss
223 http fetch GET 200 https://registry.npmjs.org/nanoid 125ms (cache miss)
224 silly packumentCache full:https://registry.npmjs.org/nanoid set size:undefined disposed:false
225 silly fetch manifest client-only@0.0.1
226 silly packumentCache full:https://registry.npmjs.org/client-only cache-miss
227 http fetch GET 200 https://registry.npmjs.org/@img%2fsharp-linuxmusl-x64 72ms (cache miss)
228 silly packumentCache full:https://registry.npmjs.org/@img%2fsharp-linuxmusl-x64 set size:undefined disposed:false
229 http fetch GET 200 https://registry.npmjs.org/@img%2fsharp-linuxmusl-arm64 69ms (cache miss)
230 silly packumentCache full:https://registry.npmjs.org/@img%2fsharp-linuxmusl-arm64 set size:undefined disposed:false
231 http fetch GET 200 https://registry.npmjs.org/@img%2fsharp-libvips-linux-x64 63ms (cache miss)
232 silly packumentCache full:https://registry.npmjs.org/@img%2fsharp-libvips-linux-x64 set size:undefined disposed:false
233 http fetch GET 200 https://registry.npmjs.org/@img%2fsharp-libvips-darwin-x64 66ms (cache miss)
234 silly packumentCache full:https://registry.npmjs.org/@img%2fsharp-libvips-darwin-x64 set size:undefined disposed:false
235 http fetch GET 200 https://registry.npmjs.org/@img%2fsharp-libvips-linux-arm 75ms (cache miss)
236 silly packumentCache full:https://registry.npmjs.org/@img%2fsharp-libvips-linux-arm set size:undefined disposed:false
237 http fetch GET 200 https://registry.npmjs.org/@img%2fsharp-libvips-linux-ppc64 69ms (cache miss)
238 silly packumentCache full:https://registry.npmjs.org/@img%2fsharp-libvips-linux-ppc64 set size:undefined disposed:false
239 http fetch GET 200 https://registry.npmjs.org/@img%2fsharp-libvips-linux-riscv64 54ms (cache miss)
240 silly packumentCache full:https://registry.npmjs.org/@img%2fsharp-libvips-linux-riscv64 set size:undefined disposed:false
241 http fetch GET 200 https://registry.npmjs.org/@img%2fsharp-libvips-linux-s390x 66ms (cache miss)
242 silly packumentCache full:https://registry.npmjs.org/@img%2fsharp-libvips-linux-s390x set size:undefined disposed:false
243 http fetch GET 200 https://registry.npmjs.org/@img%2fsharp-libvips-darwin-arm64 63ms (cache miss)
244 silly packumentCache full:https://registry.npmjs.org/@img%2fsharp-libvips-darwin-arm64 set size:undefined disposed:false
245 http fetch GET 200 https://registry.npmjs.org/client-only 34ms (cache miss)
246 silly packumentCache full:https://registry.npmjs.org/client-only set size:undefined disposed:false
247 http fetch GET 200 https://registry.npmjs.org/@img%2fsharp-libvips-linuxmusl-x64 57ms (cache miss)
248 silly packumentCache full:https://registry.npmjs.org/@img%2fsharp-libvips-linuxmusl-x64 set size:undefined disposed:false
249 http fetch GET 200 https://registry.npmjs.org/@img%2fsharp-wasm32 263ms (cache miss)
250 silly packumentCache full:https://registry.npmjs.org/@img%2fsharp-wasm32 set size:undefined disposed:false
251 http fetch GET 200 https://registry.npmjs.org/@img%2fsharp-linux-riscv64 263ms (cache miss)
252 silly packumentCache full:https://registry.npmjs.org/@img%2fsharp-linux-riscv64 set size:undefined disposed:false
253 http fetch GET 200 https://registry.npmjs.org/@img%2fsharp-libvips-linux-arm64 280ms (cache miss)
254 silly packumentCache full:https://registry.npmjs.org/@img%2fsharp-libvips-linux-arm64 set size:undefined disposed:false
255 http fetch GET 200 https://registry.npmjs.org/@img%2fsharp-libvips-linuxmusl-arm64 272ms (cache miss)
256 silly packumentCache full:https://registry.npmjs.org/@img%2fsharp-libvips-linuxmusl-arm64 set size:undefined disposed:false
257 silly placeDep ROOT tslib@2.8.1 OK for: @swc/helpers@0.5.15 want: ^2.8.0
258 silly placeDep ROOT nanoid@3.3.12 OK for: postcss@8.4.31 want: ^3.3.6
259 silly placeDep ROOT picocolors@1.1.1 OK for: postcss@8.4.31 want: ^1.0.0
260 silly placeDep ROOT source-map-js@1.2.1 OK for: postcss@8.4.31 want: ^1.0.2
261 silly placeDep ROOT scheduler@0.27.0 OK for: react-dom@19.2.4 want: ^0.27.0
262 silly placeDep ROOT @img/colour@1.1.0 OK for: sharp@0.34.5 want: ^1.0.0
263 silly placeDep ROOT @img/sharp-darwin-arm64@0.34.5 OK for: sharp@0.34.5 want: 0.34.5
264 silly placeDep ROOT @img/sharp-darwin-x64@0.34.5 OK for: sharp@0.34.5 want: 0.34.5
265 silly placeDep ROOT @img/sharp-libvips-darwin-arm64@1.2.4 OK for: sharp@0.34.5 want: 1.2.4
266 silly placeDep ROOT @img/sharp-libvips-darwin-x64@1.2.4 OK for: sharp@0.34.5 want: 1.2.4
267 silly placeDep ROOT @img/sharp-libvips-linux-arm@1.2.4 OK for: sharp@0.34.5 want: 1.2.4
268 silly placeDep ROOT @img/sharp-libvips-linux-arm64@1.2.4 OK for: sharp@0.34.5 want: 1.2.4
269 silly placeDep ROOT @img/sharp-libvips-linux-ppc64@1.2.4 OK for: sharp@0.34.5 want: 1.2.4
270 silly placeDep ROOT @img/sharp-libvips-linux-riscv64@1.2.4 OK for: sharp@0.34.5 want: 1.2.4
271 silly placeDep ROOT @img/sharp-libvips-linux-s390x@1.2.4 OK for: sharp@0.34.5 want: 1.2.4
272 silly placeDep ROOT @img/sharp-libvips-linux-x64@1.2.4 OK for: sharp@0.34.5 want: 1.2.4
273 silly placeDep ROOT @img/sharp-libvips-linuxmusl-arm64@1.2.4 OK for: sharp@0.34.5 want: 1.2.4
274 silly placeDep ROOT @img/sharp-libvips-linuxmusl-x64@1.2.4 OK for: sharp@0.34.5 want: 1.2.4
275 silly placeDep ROOT @img/sharp-linux-arm@0.34.5 OK for: sharp@0.34.5 want: 0.34.5
276 silly placeDep ROOT @img/sharp-linux-arm64@0.34.5 OK for: sharp@0.34.5 want: 0.34.5
277 silly placeDep ROOT @img/sharp-linux-ppc64@0.34.5 OK for: sharp@0.34.5 want: 0.34.5
278 silly placeDep ROOT @img/sharp-linux-riscv64@0.34.5 OK for: sharp@0.34.5 want: 0.34.5
279 silly placeDep ROOT @img/sharp-linux-s390x@0.34.5 OK for: sharp@0.34.5 want: 0.34.5
280 silly placeDep ROOT @img/sharp-linux-x64@0.34.5 OK for: sharp@0.34.5 want: 0.34.5
281 silly placeDep ROOT @img/sharp-linuxmusl-arm64@0.34.5 OK for: sharp@0.34.5 want: 0.34.5
282 silly placeDep ROOT @img/sharp-linuxmusl-x64@0.34.5 OK for: sharp@0.34.5 want: 0.34.5
283 silly placeDep ROOT @img/sharp-wasm32@0.34.5 OK for: sharp@0.34.5 want: 0.34.5
284 silly placeDep ROOT @img/sharp-win32-arm64@0.34.5 OK for: sharp@0.34.5 want: 0.34.5
285 silly placeDep ROOT @img/sharp-win32-ia32@0.34.5 OK for: sharp@0.34.5 want: 0.34.5
286 silly placeDep ROOT @img/sharp-win32-x64@0.34.5 OK for: sharp@0.34.5 want: 0.34.5
287 silly placeDep ROOT detect-libc@2.1.2 OK for: sharp@0.34.5 want: ^2.1.2
288 silly placeDep ROOT semver@7.7.4 OK for: sharp@0.34.5 want: ^7.7.3
289 silly fetch manifest @emnapi/runtime@^1.7.0
290 silly packumentCache full:https://registry.npmjs.org/@emnapi%2fruntime cache-miss
291 http fetch GET 200 https://registry.npmjs.org/@emnapi%2fruntime 46ms (cache miss)
292 silly packumentCache full:https://registry.npmjs.org/@emnapi%2fruntime set size:undefined disposed:false
293 silly placeDep ROOT @emnapi/runtime@1.10.0 OK for: @img/sharp-wasm32@0.34.5 want: ^1.7.0
294 silly placeDep ROOT client-only@0.0.1 OK for: styled-jsx@5.1.6 want: 0.0.1
295 silly reify moves {}
296 silly audit bulk request {
296 silly audit   next: [ '16.2.4' ],
296 silly audit   react: [ '19.2.4' ],
296 silly audit   'react-dom': [ '19.2.4' ],
296 silly audit   '@next/env': [ '16.2.4' ],
296 silly audit   '@next/swc-darwin-arm64': [ '16.2.4' ],
296 silly audit   '@next/swc-darwin-x64': [ '16.2.4' ],
296 silly audit   '@next/swc-linux-arm64-gnu': [ '16.2.4' ],
296 silly audit   '@next/swc-linux-arm64-musl': [ '16.2.4' ],
296 silly audit   '@next/swc-linux-x64-gnu': [ '16.2.4' ],
296 silly audit   '@next/swc-linux-x64-musl': [ '16.2.4' ],
296 silly audit   '@next/swc-win32-arm64-msvc': [ '16.2.4' ],
296 silly audit   '@next/swc-win32-x64-msvc': [ '16.2.4' ],
296 silly audit   '@swc/helpers': [ '0.5.15' ],
296 silly audit   'baseline-browser-mapping': [ '2.10.25' ],
296 silly audit   'caniuse-lite': [ '1.0.30001791' ],
296 silly audit   postcss: [ '8.4.31' ],
296 silly audit   sharp: [ '0.34.5' ],
296 silly audit   'styled-jsx': [ '5.1.6' ],
296 silly audit   tslib: [ '2.8.1' ],
296 silly audit   nanoid: [ '3.3.12' ],
296 silly audit   picocolors: [ '1.1.1' ],
296 silly audit   'source-map-js': [ '1.2.1' ],
296 silly audit   scheduler: [ '0.27.0' ],
296 silly audit   '@img/colour': [ '1.1.0' ],
296 silly audit   '@img/sharp-darwin-arm64': [ '0.34.5' ],
296 silly audit   '@img/sharp-darwin-x64': [ '0.34.5' ],
296 silly audit   '@img/sharp-libvips-darwin-arm64': [ '1.2.4' ],
296 silly audit   '@img/sharp-libvips-darwin-x64': [ '1.2.4' ],
296 silly audit   '@img/sharp-libvips-linux-arm': [ '1.2.4' ],
296 silly audit   '@img/sharp-libvips-linux-arm64': [ '1.2.4' ],
296 silly audit   '@img/sharp-libvips-linux-ppc64': [ '1.2.4' ],
296 silly audit   '@img/sharp-libvips-linux-riscv64': [ '1.2.4' ],
296 silly audit   '@img/sharp-libvips-linux-s390x': [ '1.2.4' ],
296 silly audit   '@img/sharp-libvips-linux-x64': [ '1.2.4' ],
296 silly audit   '@img/sharp-libvips-linuxmusl-arm64': [ '1.2.4' ],
296 silly audit   '@img/sharp-libvips-linuxmusl-x64': [ '1.2.4' ],
296 silly audit   '@img/sharp-linux-arm': [ '0.34.5' ],
296 silly audit   '@img/sharp-linux-arm64': [ '0.34.5' ],
296 silly audit   '@img/sharp-linux-ppc64': [ '0.34.5' ],
296 silly audit   '@img/sharp-linux-riscv64': [ '0.34.5' ],
296 silly audit   '@img/sharp-linux-s390x': [ '0.34.5' ],
296 silly audit   '@img/sharp-linux-x64': [ '0.34.5' ],
296 silly audit   '@img/sharp-linuxmusl-arm64': [ '0.34.5' ],
296 silly audit   '@img/sharp-linuxmusl-x64': [ '0.34.5' ],
296 silly audit   '@img/sharp-wasm32': [ '0.34.5' ],
296 silly audit   '@img/sharp-win32-arm64': [ '0.34.5' ],
296 silly audit   '@img/sharp-win32-ia32': [ '0.34.5' ],
296 silly audit   '@img/sharp-win32-x64': [ '0.34.5' ],
296 silly audit   'detect-libc': [ '2.1.2' ],
296 silly audit   semver: [ '7.7.4' ],
296 silly audit   '@emnapi/runtime': [ '1.10.0' ],
296 silly audit   'client-only': [ '0.0.1' ]
296 silly audit }
297 http cache semver@https://registry.npmjs.org/semver/-/semver-7.7.4.tgz 0ms (cache hit)
298 http cache client-only@https://registry.npmjs.org/client-only/-/client-only-0.0.1.tgz 0ms (cache hit)
299 http cache detect-libc@https://registry.npmjs.org/detect-libc/-/detect-libc-2.1.2.tgz 0ms (cache hit)
300 http cache scheduler@https://registry.npmjs.org/scheduler/-/scheduler-0.27.0.tgz 0ms (cache hit)
301 http cache @img/sharp-win32-x64@https://registry.npmjs.org/@img/sharp-win32-x64/-/sharp-win32-x64-0.34.5.tgz 0ms (cache hit)
302 http cache picocolors@https://registry.npmjs.org/picocolors/-/picocolors-1.1.1.tgz 0ms (cache hit)
303 http cache @img/colour@https://registry.npmjs.org/@img/colour/-/colour-1.1.0.tgz 0ms (cache hit)
304 http cache source-map-js@https://registry.npmjs.org/source-map-js/-/source-map-js-1.2.1.tgz 0ms (cache hit)
305 http cache nanoid@https://registry.npmjs.org/nanoid/-/nanoid-3.3.12.tgz 0ms (cache hit)
306 http cache styled-jsx@https://registry.npmjs.org/styled-jsx/-/styled-jsx-5.1.6.tgz 0ms (cache hit)
307 http cache caniuse-lite@https://registry.npmjs.org/caniuse-lite/-/caniuse-lite-1.0.30001791.tgz 0ms (cache hit)
308 http cache postcss@https://registry.npmjs.org/postcss/-/postcss-8.4.31.tgz 0ms (cache hit)
309 http cache sharp@https://registry.npmjs.org/sharp/-/sharp-0.34.5.tgz 0ms (cache hit)
310 http cache tslib@https://registry.npmjs.org/tslib/-/tslib-2.8.1.tgz 0ms (cache hit)
311 http cache baseline-browser-mapping@https://registry.npmjs.org/baseline-browser-mapping/-/baseline-browser-mapping-2.10.25.tgz 0ms (cache hit)
312 http cache @next/swc-win32-x64-msvc@https://registry.npmjs.org/@next/swc-win32-x64-msvc/-/swc-win32-x64-msvc-16.2.4.tgz 0ms (cache hit)
313 http cache next@https://registry.npmjs.org/next/-/next-16.2.4.tgz 0ms (cache hit)
314 http cache @swc/helpers@https://registry.npmjs.org/@swc/helpers/-/helpers-0.5.15.tgz 0ms (cache hit)
315 silly tarball no local data for semver@https://registry.npmjs.org/semver/-/semver-7.7.4.tgz. Extracting by manifest.
316 http cache react-dom@https://registry.npmjs.org/react-dom/-/react-dom-19.2.4.tgz 0ms (cache hit)
317 http cache @next/env@https://registry.npmjs.org/@next/env/-/env-16.2.4.tgz 0ms (cache hit)
318 silly tarball no local data for client-only@https://registry.npmjs.org/client-only/-/client-only-0.0.1.tgz. Extracting by manifest.
319 http cache react@https://registry.npmjs.org/react/-/react-19.2.4.tgz 0ms (cache hit)
320 silly tarball no local data for detect-libc@https://registry.npmjs.org/detect-libc/-/detect-libc-2.1.2.tgz. Extracting by manifest.
321 silly tarball no local data for scheduler@https://registry.npmjs.org/scheduler/-/scheduler-0.27.0.tgz. Extracting by manifest.
322 silly tarball no local data for @img/sharp-win32-x64@https://registry.npmjs.org/@img/sharp-win32-x64/-/sharp-win32-x64-0.34.5.tgz. Extracting by manifest.
323 silly tarball no local data for picocolors@https://registry.npmjs.org/picocolors/-/picocolors-1.1.1.tgz. Extracting by manifest.
324 silly tarball no local data for @img/colour@https://registry.npmjs.org/@img/colour/-/colour-1.1.0.tgz. Extracting by manifest.
325 silly tarball no local data for source-map-js@https://registry.npmjs.org/source-map-js/-/source-map-js-1.2.1.tgz. Extracting by manifest.
326 silly tarball no local data for nanoid@https://registry.npmjs.org/nanoid/-/nanoid-3.3.12.tgz. Extracting by manifest.
327 silly tarball no local data for styled-jsx@https://registry.npmjs.org/styled-jsx/-/styled-jsx-5.1.6.tgz. Extracting by manifest.
328 silly tarball no local data for caniuse-lite@https://registry.npmjs.org/caniuse-lite/-/caniuse-lite-1.0.30001791.tgz. Extracting by manifest.
329 silly tarball no local data for postcss@https://registry.npmjs.org/postcss/-/postcss-8.4.31.tgz. Extracting by manifest.
330 silly tarball no local data for sharp@https://registry.npmjs.org/sharp/-/sharp-0.34.5.tgz. Extracting by manifest.
331 silly tarball no local data for tslib@https://registry.npmjs.org/tslib/-/tslib-2.8.1.tgz. Extracting by manifest.
332 silly tarball no local data for baseline-browser-mapping@https://registry.npmjs.org/baseline-browser-mapping/-/baseline-browser-mapping-2.10.25.tgz. Extracting by manifest.
333 silly tarball no local data for @next/swc-win32-x64-msvc@https://registry.npmjs.org/@next/swc-win32-x64-msvc/-/swc-win32-x64-msvc-16.2.4.tgz. Extracting by manifest.
334 silly tarball no local data for next@https://registry.npmjs.org/next/-/next-16.2.4.tgz. Extracting by manifest.
335 silly tarball no local data for @swc/helpers@https://registry.npmjs.org/@swc/helpers/-/helpers-0.5.15.tgz. Extracting by manifest.
336 silly tarball no local data for react-dom@https://registry.npmjs.org/react-dom/-/react-dom-19.2.4.tgz. Extracting by manifest.
337 silly tarball no local data for @next/env@https://registry.npmjs.org/@next/env/-/env-16.2.4.tgz. Extracting by manifest.
338 silly tarball no local data for react@https://registry.npmjs.org/react/-/react-19.2.4.tgz. Extracting by manifest.
339 http fetch GET 200 https://registry.npmjs.org/detect-libc/-/detect-libc-2.1.2.tgz 123ms (cache miss)
340 http fetch GET 200 https://registry.npmjs.org/client-only/-/client-only-0.0.1.tgz 133ms (cache miss)
341 http fetch GET 200 https://registry.npmjs.org/picocolors/-/picocolors-1.1.1.tgz 131ms (cache miss)
342 http fetch GET 200 https://registry.npmjs.org/nanoid/-/nanoid-3.3.12.tgz 131ms (cache miss)
343 http fetch GET 200 https://registry.npmjs.org/scheduler/-/scheduler-0.27.0.tgz 136ms (cache miss)
344 http fetch POST 200 https://registry.npmjs.org/-/npm/v1/security/advisories/bulk 172ms
345 silly audit report {
345 silly audit report   postcss: [
345 silly audit report     {
345 silly audit report       id: 1117015,
345 silly audit report       url: 'https://github.com/advisories/GHSA-qx2v-qp2m-jg93',
345 silly audit report       title: 'PostCSS has XSS via Unescaped </style> in its CSS Stringify Output',
345 silly audit report       severity: 'moderate',
345 silly audit report       vulnerable_versions: '<8.5.10',
345 silly audit report       cwe: [Array],
345 silly audit report       cvss: [Object]
345 silly audit report     }
345 silly audit report   ]
345 silly audit report }
346 silly packumentCache corgi:https://registry.npmjs.org/postcss cache-miss
347 http fetch GET 200 https://registry.npmjs.org/@next/env/-/env-16.2.4.tgz 151ms (cache miss)
348 http fetch GET 200 https://registry.npmjs.org/tslib/-/tslib-2.8.1.tgz 200ms (cache miss)
349 http fetch GET 200 https://registry.npmjs.org/source-map-js/-/source-map-js-1.2.1.tgz 229ms (cache miss)
350 http fetch GET 200 https://registry.npmjs.org/styled-jsx/-/styled-jsx-5.1.6.tgz 263ms (cache miss)
351 http fetch GET 200 https://registry.npmjs.org/react/-/react-19.2.4.tgz 258ms (cache miss)
352 http fetch GET 200 https://registry.npmjs.org/postcss 135ms (cache miss)
353 silly packumentCache corgi:https://registry.npmjs.org/postcss set size:undefined disposed:false
354 silly packumentCache corgi:https://registry.npmjs.org/next cache-miss
355 http fetch GET 200 https://registry.npmjs.org/@img/colour/-/colour-1.1.0.tgz 323ms (cache miss)
356 http fetch GET 200 https://registry.npmjs.org/baseline-browser-mapping/-/baseline-browser-mapping-2.10.25.tgz 323ms (cache miss)
357 http fetch GET 200 https://registry.npmjs.org/sharp/-/sharp-0.34.5.tgz 331ms (cache miss)
358 http fetch GET 200 https://registry.npmjs.org/semver/-/semver-7.7.4.tgz 370ms (cache miss)
359 http fetch GET 200 https://registry.npmjs.org/postcss/-/postcss-8.4.31.tgz 378ms (cache miss)
360 http fetch GET 200 https://registry.npmjs.org/next 732ms (cache miss)
361 silly packumentCache corgi:https://registry.npmjs.org/next set size:undefined disposed:false
362 http fetch GET 200 https://registry.npmjs.org/@swc/helpers/-/helpers-0.5.15.tgz 1797ms (cache miss)
363 http fetch GET 200 https://registry.npmjs.org/react-dom/-/react-dom-19.2.4.tgz 1839ms (cache miss)
364 http fetch GET 200 https://registry.npmjs.org/caniuse-lite/-/caniuse-lite-1.0.30001791.tgz 2995ms (cache miss)
365 http fetch GET 200 https://registry.npmjs.org/@img/sharp-win32-x64/-/sharp-win32-x64-0.34.5.tgz 3515ms (cache miss)
366 http fetch GET 200 https://registry.npmjs.org/@next/swc-win32-x64-msvc/-/swc-win32-x64-msvc-16.2.4.tgz 8228ms (cache miss)
367 http fetch GET 200 https://registry.npmjs.org/next/-/next-16.2.4.tgz 20115ms (cache miss)
368 info run sharp@0.34.5 install node_modules/sharp node install/check.js || npm run build
369 info run sharp@0.34.5 install { code: 'EPERM', signal: undefined }
370 verbose reify failed optional dependency C:\Users\chris\Desktop\suprema-platform\node_modules\sharp
371 silly reify mark deleted [ 'C:\\Users\\chris\\Desktop\\suprema-platform\\node_modules\\sharp' ]
372 verbose reify failed optional dependency C:\Users\chris\Desktop\suprema-platform\node_modules\semver
373 silly reify mark deleted [
373 silly reify   'C:\\Users\\chris\\Desktop\\suprema-platform\\node_modules\\semver',
373 silly reify   'C:\\Users\\chris\\Desktop\\suprema-platform\\node_modules\\.bin\\semver',
373 silly reify   'C:\\Users\\chris\\Desktop\\suprema-platform\\node_modules\\.bin\\semver.cmd',
373 silly reify   'C:\\Users\\chris\\Desktop\\suprema-platform\\node_modules\\.bin\\semver.ps1'
373 silly reify ]
374 verbose reify failed optional dependency C:\Users\chris\Desktop\suprema-platform\node_modules\@img\colour
375 silly reify mark deleted [
375 silly reify   'C:\\Users\\chris\\Desktop\\suprema-platform\\node_modules\\@img\\colour'
375 silly reify ]
376 verbose reify failed optional dependency C:\Users\chris\Desktop\suprema-platform\node_modules\detect-libc
377 silly reify mark deleted [
377 silly reify   'C:\\Users\\chris\\Desktop\\suprema-platform\\node_modules\\detect-libc'
377 silly reify ]
378 verbose reify failed optional dependency C:\Users\chris\Desktop\suprema-platform\node_modules\@img\sharp-wasm32
379 silly reify mark deleted [
379 silly reify   'C:\\Users\\chris\\Desktop\\suprema-platform\\node_modules\\@img\\sharp-wasm32'
379 silly reify ]
380 verbose reify failed optional dependency C:\Users\chris\Desktop\suprema-platform\node_modules\@img\sharp-linux-arm
381 silly reify mark deleted [
381 silly reify   'C:\\Users\\chris\\Desktop\\suprema-platform\\node_modules\\@img\\sharp-linux-arm'
381 silly reify ]
382 verbose reify failed optional dependency C:\Users\chris\Desktop\suprema-platform\node_modules\@img\sharp-linux-x64
383 silly reify mark deleted [
383 silly reify   'C:\\Users\\chris\\Desktop\\suprema-platform\\node_modules\\@img\\sharp-linux-x64'
383 silly reify ]
384 verbose reify failed optional dependency C:\Users\chris\Desktop\suprema-platform\node_modules\@img\sharp-win32-x64
385 silly reify mark deleted [
385 silly reify   'C:\\Users\\chris\\Desktop\\suprema-platform\\node_modules\\@img\\sharp-win32-x64'
385 silly reify ]
386 verbose reify failed optional dependency C:\Users\chris\Desktop\suprema-platform\node_modules\@img\sharp-darwin-x64
387 silly reify mark deleted [
387 silly reify   'C:\\Users\\chris\\Desktop\\suprema-platform\\node_modules\\@img\\sharp-darwin-x64'
387 silly reify ]
388 verbose reify failed optional dependency C:\Users\chris\Desktop\suprema-platform\node_modules\@img\sharp-win32-ia32
389 silly reify mark deleted [
389 silly reify   'C:\\Users\\chris\\Desktop\\suprema-platform\\node_modules\\@img\\sharp-win32-ia32'
389 silly reify ]
390 verbose reify failed optional dependency C:\Users\chris\Desktop\suprema-platform\node_modules\@img\sharp-linux-arm64
391 silly reify mark deleted [
391 silly reify   'C:\\Users\\chris\\Desktop\\suprema-platform\\node_modules\\@img\\sharp-linux-arm64'
391 silly reify ]
392 verbose reify failed optional dependency C:\Users\chris\Desktop\suprema-platform\node_modules\@img\sharp-linux-ppc64
393 silly reify mark deleted [
393 silly reify   'C:\\Users\\chris\\Desktop\\suprema-platform\\node_modules\\@img\\sharp-linux-ppc64'
393 silly reify ]
394 verbose reify failed optional dependency C:\Users\chris\Desktop\suprema-platform\node_modules\@img\sharp-linux-s390x
395 silly reify mark deleted [
395 silly reify   'C:\\Users\\chris\\Desktop\\suprema-platform\\node_modules\\@img\\sharp-linux-s390x'
395 silly reify ]
396 verbose reify failed optional dependency C:\Users\chris\Desktop\suprema-platform\node_modules\@img\sharp-win32-arm64
397 silly reify mark deleted [
397 silly reify   'C:\\Users\\chris\\Desktop\\suprema-platform\\node_modules\\@img\\sharp-win32-arm64'
397 silly reify ]
398 verbose reify failed optional dependency C:\Users\chris\Desktop\suprema-platform\node_modules\@img\sharp-darwin-arm64
399 silly reify mark deleted [
399 silly reify   'C:\\Users\\chris\\Desktop\\suprema-platform\\node_modules\\@img\\sharp-darwin-arm64'
399 silly reify ]
400 verbose reify failed optional dependency C:\Users\chris\Desktop\suprema-platform\node_modules\@img\sharp-linux-riscv64
401 silly reify mark deleted [
401 silly reify   'C:\\Users\\chris\\Desktop\\suprema-platform\\node_modules\\@img\\sharp-linux-riscv64'
401 silly reify ]
402 verbose reify failed optional dependency C:\Users\chris\Desktop\suprema-platform\node_modules\@img\sharp-linuxmusl-x64
403 silly reify mark deleted [
403 silly reify   'C:\\Users\\chris\\Desktop\\suprema-platform\\node_modules\\@img\\sharp-linuxmusl-x64'
403 silly reify ]
404 verbose reify failed optional dependency C:\Users\chris\Desktop\suprema-platform\node_modules\@img\sharp-linuxmusl-arm64
405 silly reify mark deleted [
405 silly reify   'C:\\Users\\chris\\Desktop\\suprema-platform\\node_modules\\@img\\sharp-linuxmusl-arm64'
405 silly reify ]
406 verbose reify failed optional dependency C:\Users\chris\Desktop\suprema-platform\node_modules\@img\sharp-libvips-linux-arm
407 silly reify mark deleted [
407 silly reify   'C:\\Users\\chris\\Desktop\\suprema-platform\\node_modules\\@img\\sharp-libvips-linux-arm'
407 silly reify ]
408 verbose reify failed optional dependency C:\Users\chris\Desktop\suprema-platform\node_modules\@img\sharp-libvips-linux-x64
409 silly reify mark deleted [
409 silly reify   'C:\\Users\\chris\\Desktop\\suprema-platform\\node_modules\\@img\\sharp-libvips-linux-x64'
409 silly reify ]
410 verbose reify failed optional dependency C:\Users\chris\Desktop\suprema-platform\node_modules\@img\sharp-libvips-darwin-x64
411 silly reify mark deleted [
411 silly reify   'C:\\Users\\chris\\Desktop\\suprema-platform\\node_modules\\@img\\sharp-libvips-darwin-x64'
411 silly reify ]
412 verbose reify failed optional dependency C:\Users\chris\Desktop\suprema-platform\node_modules\@img\sharp-libvips-linux-arm64
413 silly reify mark deleted [
413 silly reify   'C:\\Users\\chris\\Desktop\\suprema-platform\\node_modules\\@img\\sharp-libvips-linux-arm64'
413 silly reify ]
414 verbose reify failed optional dependency C:\Users\chris\Desktop\suprema-platform\node_modules\@img\sharp-libvips-linux-ppc64
415 silly reify mark deleted [
415 silly reify   'C:\\Users\\chris\\Desktop\\suprema-platform\\node_modules\\@img\\sharp-libvips-linux-ppc64'
415 silly reify ]
416 verbose reify failed optional dependency C:\Users\chris\Desktop\suprema-platform\node_modules\@img\sharp-libvips-linux-s390x
417 silly reify mark deleted [
417 silly reify   'C:\\Users\\chris\\Desktop\\suprema-platform\\node_modules\\@img\\sharp-libvips-linux-s390x'
417 silly reify ]
418 verbose reify failed optional dependency C:\Users\chris\Desktop\suprema-platform\node_modules\@img\sharp-libvips-darwin-arm64
419 silly reify mark deleted [
419 silly reify   'C:\\Users\\chris\\Desktop\\suprema-platform\\node_modules\\@img\\sharp-libvips-darwin-arm64'
419 silly reify ]
420 verbose reify failed optional dependency C:\Users\chris\Desktop\suprema-platform\node_modules\@img\sharp-libvips-linux-riscv64
421 silly reify mark deleted [
421 silly reify   'C:\\Users\\chris\\Desktop\\suprema-platform\\node_modules\\@img\\sharp-libvips-linux-riscv64'
421 silly reify ]
422 verbose reify failed optional dependency C:\Users\chris\Desktop\suprema-platform\node_modules\@img\sharp-libvips-linuxmusl-x64
423 silly reify mark deleted [
423 silly reify   'C:\\Users\\chris\\Desktop\\suprema-platform\\node_modules\\@img\\sharp-libvips-linuxmusl-x64'
423 silly reify ]
424 verbose reify failed optional dependency C:\Users\chris\Desktop\suprema-platform\node_modules\@img\sharp-libvips-linuxmusl-arm64
425 silly reify mark deleted [
425 silly reify   'C:\\Users\\chris\\Desktop\\suprema-platform\\node_modules\\@img\\sharp-libvips-linuxmusl-arm64'
425 silly reify ]
426 verbose reify failed optional dependency C:\Users\chris\Desktop\suprema-platform\node_modules\@emnapi\runtime
427 silly reify mark deleted [
427 silly reify   'C:\\Users\\chris\\Desktop\\suprema-platform\\node_modules\\@emnapi\\runtime'
427 silly reify ]
428 silly ADD node_modules/client-only
429 silly ADD
430 silly ADD
431 silly ADD
432 silly ADD
433 silly ADD node_modules/scheduler
434 silly ADD node_modules/source-map-js
435 silly ADD node_modules/picocolors
436 silly ADD node_modules/nanoid
437 silly ADD node_modules/tslib
438 silly ADD node_modules/styled-jsx
439 silly ADD
440 silly ADD node_modules/postcss
441 silly ADD node_modules/caniuse-lite
442 silly ADD node_modules/baseline-browser-mapping
443 silly ADD node_modules/@swc/helpers
444 silly ADD node_modules/@next/swc-win32-x64-msvc
445 silly ADD node_modules/@next/env
446 silly ADD node_modules/react-dom
447 silly ADD node_modules/react
448 silly ADD node_modules/next
449 verbose cwd C:\Users\chris\Desktop\suprema-platform
450 verbose os Windows_NT 10.0.26200
451 verbose node v24.15.0
452 verbose npm  v11.12.1
453 notice
453 notice New minor version of npm available! 11.12.1 -> 11.13.0
453 notice Changelog: https://github.com/npm/cli/releases/tag/v11.13.0
453 notice To update run: npm install -g npm@11.13.0
453 notice  { force: true, Symbol(proc-log.meta): true }
454 verbose exit 0
455 info ok
